[04:08:49] INFO [org.springframework.test.context.TestContextManager] - @TestExecutionListeners is not present for class [class ar.edu.desapp.groupa.persistence.PersistabilityTest]: using defaults.
[04:08:49] INFO [org.springframework.beans.factory.xml.XmlBeanDefinitionReader] - Loading XML bean definitions from class path resource [META-INF/spring-persistence-context.xml]
[04:08:49] INFO [org.springframework.context.support.GenericApplicationContext] - Refreshing org.springframework.context.support.GenericApplicationContext@18e99f0: startup date [Sun Jul 19 04:08:49 ART 2015]; root of context hierarchy
[04:08:49] INFO [org.springframework.beans.factory.config.PropertyPlaceholderConfigurer] - Loading properties file from URL [file:/home/guille/Unq/Git/DesAp-201501-GrupoA/desapp-groupa-backend/target/classes/META-INF/hibernate.properties]
[04:08:49] INFO [org.springframework.beans.factory.config.PropertyPlaceholderConfigurer] - Loading properties file from URL [file:/home/guille/Unq/Git/DesAp-201501-GrupoA/desapp-groupa-backend/target/classes/META-INF/jdbc.properties]
[04:08:49] INFO [org.springframework.beans.factory.support.DefaultListableBeanFactory] - Pre-instantiating singletons in org.springframework.beans.factory.support.DefaultListableBeanFactory@7ad4fd09: defining beans [org.springframework.aop.config.internalAutoProxyCreator,org.springframework.transaction.annotation.AnnotationTransactionAttributeSource#0,org.springframework.transaction.interceptor.TransactionInterceptor#0,org.springframework.transaction.config.internalTransactionAdvisor,persistence.propertyConfigurer,persistence.dataSource,persistence.sessionFactory,persistence.transactionManager,persistence.jdbcExceptionTranslator,persistence.patientRepository,persistence.medicalConsultationRepository,persistence.diseaseRepository,persistence.symptomRepository,persistence.medicalRecordRepository,persistence.drugRepository,persistence.medicineRepository,persistence.medicalPracticeRepository,errorHandlerService,org.springframework.context.annotation.internalConfigurationAnnotationProcessor,org.springframework.context.annotation.internalAutowiredAnnotationProcessor,org.springframework.context.annotation.internalRequiredAnnotationProcessor,org.springframework.context.annotation.internalCommonAnnotationProcessor,org.springframework.context.annotation.internalPersistenceAnnotationProcessor]; root of factory hierarchy
[04:08:50] INFO [org.hibernate.annotations.common.Version] - Hibernate Commons Annotations 3.2.0.Final
[04:08:50] INFO [org.hibernate.cfg.Environment] - Hibernate 3.6.0.Final
[04:08:50] INFO [org.hibernate.cfg.Environment] - hibernate.properties not found
[04:08:50] INFO [org.hibernate.cfg.Environment] - Bytecode provider name : javassist
[04:08:50] INFO [org.hibernate.cfg.Environment] - using JDK 1.4 java.sql.Timestamp handling
[04:08:50] INFO [org.hibernate.cfg.HbmBinder] - Mapping class: ar.edu.desapp.groupa.model.symptom.Symptom -> Symptom
[04:08:50] INFO [org.hibernate.cfg.HbmBinder] - Mapping class: ar.edu.desapp.groupa.model.medicine.Drug -> Drug
[04:08:50] INFO [org.hibernate.cfg.HbmBinder] - Mapping class: ar.edu.desapp.groupa.model.disease.Disease -> Disease
[04:08:50] INFO [org.hibernate.cfg.HbmBinder] - Mapping collection: ar.edu.desapp.groupa.model.disease.Disease.symptoms -> Disease_symptoms
[04:08:50] INFO [org.hibernate.cfg.HbmBinder] - Mapping collection: ar.edu.desapp.groupa.model.disease.Disease.treatments -> Disease_treatments
[04:08:50] INFO [org.hibernate.cfg.HbmBinder] - Mapping class: ar.edu.desapp.groupa.model.user.Patient -> Patient
[04:08:50] INFO [org.hibernate.cfg.HbmBinder] - Mapping class: ar.edu.desapp.groupa.model.medicalRecord.MedicalRecord -> MedicalRecord
[04:08:50] INFO [org.hibernate.cfg.HbmBinder] - Mapping collection: ar.edu.desapp.groupa.model.medicalRecord.MedicalRecord.consultations -> MedicalRecord_consultations
[04:08:50] INFO [org.hibernate.cfg.HbmBinder] - Mapping collection: ar.edu.desapp.groupa.model.medicalRecord.MedicalRecord.diseases -> MedicalRecord_diseases
[04:08:50] INFO [org.hibernate.cfg.HbmBinder] - Mapping collection: ar.edu.desapp.groupa.model.medicalRecord.MedicalRecord.allergies -> MedicalRecord_allergies
[04:08:50] INFO [org.hibernate.cfg.HbmBinder] - Mapping class: ar.edu.desapp.groupa.model.medicine.Medicine -> Medicine
[04:08:50] INFO [org.hibernate.cfg.HbmBinder] - Mapping collection: ar.edu.desapp.groupa.model.medicine.Medicine.theCureFor -> Medicine_theCureFor
[04:08:50] INFO [org.hibernate.cfg.HbmBinder] - Mapping class: ar.edu.desapp.groupa.model.treatment.Treatment -> Treatment
[04:08:50] INFO [org.hibernate.cfg.HbmBinder] - Mapping collection: ar.edu.desapp.groupa.model.treatment.Treatment.medicines -> Treatment_medicines
[04:08:50] INFO [org.hibernate.cfg.HbmBinder] - Mapping collection: ar.edu.desapp.groupa.model.treatment.Treatment.medicalPractices -> Treatment_medicalPractices
[04:08:50] INFO [org.hibernate.cfg.HbmBinder] - Mapping class: ar.edu.desapp.groupa.model.medicalPractice.MedicalPractice -> MedicalPractice
[04:08:50] INFO [org.hibernate.cfg.HbmBinder] - Mapping collection: ar.edu.desapp.groupa.model.medicalPractice.MedicalPractice.theCureFor -> MedicalPractice_theCureFor
[04:08:50] INFO [org.hibernate.cfg.HbmBinder] - Mapping class: ar.edu.desapp.groupa.model.medicalConsultation.MedicalConsultation -> MedicalConsultation
[04:08:50] INFO [org.hibernate.cfg.Configuration] - Hibernate Validator not found: ignoring
[04:08:50] INFO [org.springframework.orm.hibernate3.LocalSessionFactoryBean] - Building new Hibernate SessionFactory
[04:08:50] INFO [org.hibernate.cfg.search.HibernateSearchEventListenerRegister] - Unable to find org.hibernate.search.event.FullTextIndexEventListener on the classpath. Hibernate Search is not enabled.
[04:08:50] WARN [org.hibernate.cfg.Environment] - Property [hibernate.cglib.use_reflection_optimizer] has been renamed to [hibernate.bytecode.use_reflection_optimizer]; update your properties appropriately
[04:08:50] INFO [org.hibernate.connection.ConnectionProviderFactory] - Initializing connection provider: org.springframework.orm.hibernate3.LocalDataSourceConnectionProvider
[04:08:50] INFO [org.hibernate.cfg.SettingsFactory] - Database ->
       name : HSQL Database Engine
    version : 2.2.4
      major : 2
      minor : 2
[04:08:50] INFO [org.hibernate.cfg.SettingsFactory] - Driver ->
       name : HSQL Database Engine Driver
    version : 2.2.4
      major : 2
      minor : 2
[04:08:50] INFO [org.hibernate.dialect.Dialect] - Using dialect: org.hibernate.dialect.HSQLDialect
[04:08:50] INFO [org.hibernate.transaction.TransactionFactoryFactory] - Transaction strategy: org.springframework.orm.hibernate3.SpringTransactionFactory
[04:08:50] INFO [org.hibernate.transaction.TransactionManagerLookupFactory] - No TransactionManagerLookup configured (in JTA environment, use of read-write or transactional second-level cache is not recommended)
[04:08:50] INFO [org.hibernate.cfg.SettingsFactory] - Automatic flush during beforeCompletion(): disabled
[04:08:50] INFO [org.hibernate.cfg.SettingsFactory] - Automatic session close at end of transaction: disabled
[04:08:50] INFO [org.hibernate.cfg.SettingsFactory] - JDBC batch size: 15
[04:08:50] INFO [org.hibernate.cfg.SettingsFactory] - JDBC batch updates for versioned data: disabled
[04:08:50] INFO [org.hibernate.cfg.SettingsFactory] - Scrollable result sets: enabled
[04:08:50] INFO [org.hibernate.cfg.SettingsFactory] - JDBC3 getGeneratedKeys(): enabled
[04:08:50] INFO [org.hibernate.cfg.SettingsFactory] - Connection release mode: auto
[04:08:50] INFO [org.hibernate.cfg.SettingsFactory] - Default batch fetch size: 1
[04:08:50] INFO [org.hibernate.cfg.SettingsFactory] - Generate SQL with comments: disabled
[04:08:50] INFO [org.hibernate.cfg.SettingsFactory] - Order SQL updates by primary key: disabled
[04:08:50] INFO [org.hibernate.cfg.SettingsFactory] - Order SQL inserts for batching: disabled
[04:08:50] INFO [org.hibernate.cfg.SettingsFactory] - Query translator: org.hibernate.hql.ast.ASTQueryTranslatorFactory
[04:08:50] INFO [org.hibernate.hql.ast.ASTQueryTranslatorFactory] - Using ASTQueryTranslatorFactory
[04:08:50] INFO [org.hibernate.cfg.SettingsFactory] - Query language substitutions: {}
[04:08:50] INFO [org.hibernate.cfg.SettingsFactory] - JPA-QL strict compliance: disabled
[04:08:50] INFO [org.hibernate.cfg.SettingsFactory] - Second-level cache: enabled
[04:08:50] INFO [org.hibernate.cfg.SettingsFactory] - Query cache: disabled
[04:08:50] INFO [org.hibernate.cfg.SettingsFactory] - Cache region factory : org.hibernate.cache.impl.NoCachingRegionFactory
[04:08:50] INFO [org.hibernate.cfg.SettingsFactory] - Optimize cache for minimal puts: disabled
[04:08:50] INFO [org.hibernate.cfg.SettingsFactory] - Structured second-level cache entries: disabled
[04:08:50] INFO [org.hibernate.cfg.SettingsFactory] - Echoing all SQL to stdout
[04:08:50] INFO [org.hibernate.cfg.SettingsFactory] - Statistics: disabled
[04:08:50] INFO [org.hibernate.cfg.SettingsFactory] - Deleted entity synthetic identifier rollback: disabled
[04:08:50] INFO [org.hibernate.cfg.SettingsFactory] - Default entity-mode: pojo
[04:08:50] INFO [org.hibernate.cfg.SettingsFactory] - Named query checking : enabled
[04:08:50] INFO [org.hibernate.cfg.SettingsFactory] - Check Nullability in Core (should be disabled when Bean Validation is on): enabled
[04:08:50] INFO [org.hibernate.impl.SessionFactoryImpl] - building session factory
[04:08:50] INFO [org.hibernate.impl.SessionFactoryObjectFactory] - Not binding factory to JNDI, no JNDI name configured
[04:08:50] INFO [org.hibernate.tool.hbm2ddl.SchemaExport] - Running hbm2ddl schema export
[04:08:50] INFO [org.hibernate.tool.hbm2ddl.SchemaExport] - exporting generated schema to database
[04:08:50] INFO [org.hibernate.tool.hbm2ddl.SchemaExport] - schema export complete
[04:08:50] INFO [org.springframework.beans.factory.xml.XmlBeanDefinitionReader] - Loading XML bean definitions from class path resource [org/springframework/jdbc/support/sql-error-codes.xml]
[04:08:50] INFO [org.springframework.jdbc.support.SQLErrorCodesFactory] - SQLErrorCodes loaded: [DB2, Derby, H2, HSQL, Informix, MS-SQL, MySQL, Oracle, PostgreSQL, Sybase]
[04:08:50] INFO [org.springframework.orm.hibernate3.HibernateTransactionManager] - Using DataSource [org.apache.commons.dbcp.BasicDataSource@226bd] of Hibernate SessionFactory for HibernateTransactionManager
[04:08:50] INFO [org.hibernate.impl.SessionFactoryImpl] - closing
[04:08:50] INFO [org.springframework.context.support.GenericApplicationContext] - Closing org.springframework.context.support.GenericApplicationContext@18e99f0: startup date [Sun Jul 19 04:08:49 ART 2015]; root of context hierarchy
[04:08:50] INFO [org.springframework.beans.factory.support.DefaultListableBeanFactory] - Destroying singletons in org.springframework.beans.factory.support.DefaultListableBeanFactory@7ad4fd09: defining beans [org.springframework.aop.config.internalAutoProxyCreator,org.springframework.transaction.annotation.AnnotationTransactionAttributeSource#0,org.springframework.transaction.interceptor.TransactionInterceptor#0,org.springframework.transaction.config.internalTransactionAdvisor,persistence.propertyConfigurer,persistence.dataSource,persistence.sessionFactory,persistence.transactionManager,persistence.jdbcExceptionTranslator,persistence.patientRepository,persistence.medicalConsultationRepository,persistence.diseaseRepository,persistence.symptomRepository,persistence.medicalRecordRepository,persistence.drugRepository,persistence.medicineRepository,persistence.medicalPracticeRepository,errorHandlerService,org.springframework.context.annotation.internalConfigurationAnnotationProcessor,org.springframework.context.annotation.internalAutowiredAnnotationProcessor,org.springframework.context.annotation.internalRequiredAnnotationProcessor,org.springframework.context.annotation.internalCommonAnnotationProcessor,org.springframework.context.annotation.internalPersistenceAnnotationProcessor]; root of factory hierarchy
[04:08:50] INFO [org.springframework.orm.hibernate3.LocalSessionFactoryBean] - Closing Hibernate SessionFactory
