[04:18:37] INFO [org.springframework.web.context.ContextLoader] - Root WebApplicationContext: initialization started
[04:18:37] INFO [org.springframework.web.context.support.XmlWebApplicationContext] - Refreshing Root WebApplicationContext: startup date [Wed Jul 15 04:18:37 ART 2015]; root of context hierarchy
[04:18:37] INFO [org.springframework.beans.factory.xml.XmlBeanDefinitionReader] - Loading XML bean definitions from URL [file:/home/guille/Unq/Git/DesAp-201501-GrupoA/desapp-groupa-backend/target/classes/META-INF/spring-rest-context.xml]
[04:18:37] INFO [org.springframework.beans.factory.xml.XmlBeanDefinitionReader] - Loading XML bean definitions from class path resource [META-INF/cxf/cxf.xml]
[04:18:37] INFO [org.springframework.beans.factory.xml.XmlBeanDefinitionReader] - Loading XML bean definitions from class path resource [META-INF/cxf/cxf-extension-soap.xml]
[04:18:37] INFO [org.springframework.beans.factory.xml.XmlBeanDefinitionReader] - Loading XML bean definitions from class path resource [META-INF/cxf/cxf-servlet.xml]
[04:18:37] INFO [org.springframework.beans.factory.xml.XmlBeanDefinitionReader] - Loading XML bean definitions from class path resource [META-INF/cxf/cxf-extension-http.xml]
[04:18:37] INFO [org.springframework.beans.factory.xml.XmlBeanDefinitionReader] - Loading XML bean definitions from URL [file:/home/guille/Unq/Git/DesAp-201501-GrupoA/desapp-groupa-backend/target/classes/META-INF/spring-persistence-context.xml]
[04:18:37] INFO [org.springframework.beans.factory.xml.XmlBeanDefinitionReader] - Loading XML bean definitions from URL [file:/home/guille/Unq/Git/DesAp-201501-GrupoA/desapp-groupa-backend/target/classes/META-INF/spring-services-context.xml]
[04:18:37] INFO [org.springframework.beans.factory.config.PropertyPlaceholderConfigurer] - Loading properties file from URL [file:/home/guille/Unq/Git/DesAp-201501-GrupoA/desapp-groupa-backend/target/classes/META-INF/hibernate.properties]
[04:18:37] INFO [org.springframework.beans.factory.config.PropertyPlaceholderConfigurer] - Loading properties file from URL [file:/home/guille/Unq/Git/DesAp-201501-GrupoA/desapp-groupa-backend/target/classes/META-INF/jdbc.properties]
[04:18:37] INFO [org.springframework.beans.factory.support.DefaultListableBeanFactory] - Pre-instantiating singletons in org.springframework.beans.factory.support.DefaultListableBeanFactory@4850a838: defining beans [cxf,org.apache.cxf.bus.spring.BusApplicationListener,org.apache.cxf.bus.spring.BusWiringBeanFactoryPostProcessor,org.apache.cxf.bus.spring.Jsr250BeanPostProcessor,org.apache.cxf.bus.spring.BusExtensionPostProcessor,org.apache.cxf.resource.ResourceManager,org.apache.cxf.configuration.Configurer,org.apache.cxf.binding.BindingFactoryManager,org.apache.cxf.transport.DestinationFactoryManager,org.apache.cxf.transport.ConduitInitiatorManager,org.apache.cxf.wsdl.WSDLManager,org.apache.cxf.phase.PhaseManager,org.apache.cxf.workqueue.WorkQueueManager,org.apache.cxf.buslifecycle.BusLifeCycleManager,org.apache.cxf.endpoint.ServerRegistry,org.apache.cxf.endpoint.ServerLifeCycleManager,org.apache.cxf.endpoint.ClientLifeCycleManager,org.apache.cxf.transports.http.QueryHandlerRegistry,org.apache.cxf.endpoint.EndpointResolverRegistry,org.apache.cxf.headers.HeaderManager,org.apache.cxf.catalog.OASISCatalogManager,org.apache.cxf.service.factory.FactoryBeanListenerManager,org.apache.cxf.endpoint.ServiceContractResolverRegistry,org.apache.cxf.binding.soap.SoapBindingFactory,org.apache.cxf.binding.soap.SoapTransportFactory,org.apache.cxf.binding.soap.customEditorConfigurer,org.apache.cxf.transport.http.policy.HTTPClientAssertionBuilder,org.apache.cxf.transport.http.policy.HTTPServerAssertionBuilder,org.apache.cxf.transport.http.policy.NoOpPolicyInterceptorProvider,org.apache.cxf.transport.http.ClientOnlyHTTPTransportFactory,org.apache.cxf.transport.servlet.ServletTransportFactory,jaxbProvider,jacksonProvider,rest,patientsRest,medicalRecordRest,symptomRest,drugRest,diseaseRest,diagnoseRest,medicineRest,medicalPracticeRest,medicalConsultationRest,org.springframework.aop.config.internalAutoProxyCreator,org.springframework.transaction.annotation.AnnotationTransactionAttributeSource#0,org.springframework.transaction.interceptor.TransactionInterceptor#0,org.springframework.transaction.config.internalTransactionAdvisor,persistence.propertyConfigurer,persistence.dataSource,persistence.sessionFactory,persistence.transactionManager,persistence.jdbcExceptionTranslator,persistence.patientRepository,persistence.medicalConsultationRepository,persistence.diseaseRepository,persistence.symptomRepository,persistence.medicalRecordRepository,persistence.drugRepository,persistence.medicineRepository,persistence.medicalPracticeRepository,errorHandlerService,services.general,services.patient,services.medicalRecord,services.symptom,services.drug,services.disease,services.medicine,services.medicalPractice,services.medicalConsultation]; root of factory hierarchy
[04:18:38] INFO [org.hibernate.annotations.common.Version] - Hibernate Commons Annotations 3.2.0.Final
[04:18:38] INFO [org.hibernate.cfg.Environment] - Hibernate 3.6.0.Final
[04:18:38] INFO [org.hibernate.cfg.Environment] - hibernate.properties not found
[04:18:38] INFO [org.hibernate.cfg.Environment] - Bytecode provider name : javassist
[04:18:38] INFO [org.hibernate.cfg.Environment] - using JDK 1.4 java.sql.Timestamp handling
[04:18:38] INFO [org.hibernate.cfg.HbmBinder] - Mapping class: ar.edu.desapp.groupa.model.symptom.Symptom -> Symptom
[04:18:38] INFO [org.hibernate.cfg.HbmBinder] - Mapping class: ar.edu.desapp.groupa.model.medicine.Drug -> Drug
[04:18:38] INFO [org.hibernate.cfg.HbmBinder] - Mapping class: ar.edu.desapp.groupa.model.disease.Disease -> Disease
[04:18:38] INFO [org.hibernate.cfg.HbmBinder] - Mapping collection: ar.edu.desapp.groupa.model.disease.Disease.symptoms -> Disease_symptoms
[04:18:38] INFO [org.hibernate.cfg.HbmBinder] - Mapping collection: ar.edu.desapp.groupa.model.disease.Disease.treatments -> Disease_treatments
[04:18:38] INFO [org.hibernate.cfg.HbmBinder] - Mapping class: ar.edu.desapp.groupa.model.user.Patient -> Patient
[04:18:38] INFO [org.hibernate.cfg.HbmBinder] - Mapping class: ar.edu.desapp.groupa.model.medicalRecord.MedicalRecord -> MedicalRecord
[04:18:38] INFO [org.hibernate.cfg.HbmBinder] - Mapping collection: ar.edu.desapp.groupa.model.medicalRecord.MedicalRecord.consultations -> MedicalRecord_consultations
[04:18:38] INFO [org.hibernate.cfg.HbmBinder] - Mapping collection: ar.edu.desapp.groupa.model.medicalRecord.MedicalRecord.diseases -> MedicalRecord_diseases
[04:18:38] INFO [org.hibernate.cfg.HbmBinder] - Mapping collection: ar.edu.desapp.groupa.model.medicalRecord.MedicalRecord.allergies -> MedicalRecord_allergies
[04:18:38] INFO [org.hibernate.cfg.HbmBinder] - Mapping class: ar.edu.desapp.groupa.model.medicine.Medicine -> Medicine
[04:18:38] INFO [org.hibernate.cfg.HbmBinder] - Mapping collection: ar.edu.desapp.groupa.model.medicine.Medicine.theCureFor -> Medicine_theCureFor
[04:18:38] INFO [org.hibernate.cfg.HbmBinder] - Mapping class: ar.edu.desapp.groupa.model.treatment.Treatment -> Treatment
[04:18:38] INFO [org.hibernate.cfg.HbmBinder] - Mapping collection: ar.edu.desapp.groupa.model.treatment.Treatment.medicines -> Treatment_medicines
[04:18:38] INFO [org.hibernate.cfg.HbmBinder] - Mapping collection: ar.edu.desapp.groupa.model.treatment.Treatment.medicalPractices -> Treatment_medicalPractices
[04:18:38] INFO [org.hibernate.cfg.HbmBinder] - Mapping class: ar.edu.desapp.groupa.model.medicalPractice.MedicalPractice -> MedicalPractice
[04:18:38] INFO [org.hibernate.cfg.HbmBinder] - Mapping collection: ar.edu.desapp.groupa.model.medicalPractice.MedicalPractice.theCureFor -> MedicalPractice_theCureFor
[04:18:38] INFO [org.hibernate.cfg.HbmBinder] - Mapping class: ar.edu.desapp.groupa.model.medicalConsultation.MedicalConsultation -> MedicalConsultation
[04:18:38] INFO [org.hibernate.cfg.Configuration] - Hibernate Validator not found: ignoring
[04:18:38] INFO [org.springframework.orm.hibernate3.LocalSessionFactoryBean] - Building new Hibernate SessionFactory
[04:18:38] INFO [org.hibernate.cfg.search.HibernateSearchEventListenerRegister] - Unable to find org.hibernate.search.event.FullTextIndexEventListener on the classpath. Hibernate Search is not enabled.
[04:18:38] WARN [org.hibernate.cfg.Environment] - Property [hibernate.cglib.use_reflection_optimizer] has been renamed to [hibernate.bytecode.use_reflection_optimizer]; update your properties appropriately
[04:18:38] INFO [org.hibernate.connection.ConnectionProviderFactory] - Initializing connection provider: org.springframework.orm.hibernate3.LocalDataSourceConnectionProvider
[04:18:38] INFO [org.hibernate.cfg.SettingsFactory] - Database ->
       name : HSQL Database Engine
    version : 2.2.4
      major : 2
      minor : 2
[04:18:38] INFO [org.hibernate.cfg.SettingsFactory] - Driver ->
       name : HSQL Database Engine Driver
    version : 2.2.4
      major : 2
      minor : 2
[04:18:38] INFO [org.hibernate.dialect.Dialect] - Using dialect: org.hibernate.dialect.HSQLDialect
[04:18:38] INFO [org.hibernate.transaction.TransactionFactoryFactory] - Transaction strategy: org.springframework.orm.hibernate3.SpringTransactionFactory
[04:18:38] INFO [org.hibernate.transaction.TransactionManagerLookupFactory] - No TransactionManagerLookup configured (in JTA environment, use of read-write or transactional second-level cache is not recommended)
[04:18:38] INFO [org.hibernate.cfg.SettingsFactory] - Automatic flush during beforeCompletion(): disabled
[04:18:38] INFO [org.hibernate.cfg.SettingsFactory] - Automatic session close at end of transaction: disabled
[04:18:38] INFO [org.hibernate.cfg.SettingsFactory] - JDBC batch size: 15
[04:18:38] INFO [org.hibernate.cfg.SettingsFactory] - JDBC batch updates for versioned data: disabled
[04:18:38] INFO [org.hibernate.cfg.SettingsFactory] - Scrollable result sets: enabled
[04:18:38] INFO [org.hibernate.cfg.SettingsFactory] - JDBC3 getGeneratedKeys(): enabled
[04:18:38] INFO [org.hibernate.cfg.SettingsFactory] - Connection release mode: auto
[04:18:38] INFO [org.hibernate.cfg.SettingsFactory] - Default batch fetch size: 1
[04:18:38] INFO [org.hibernate.cfg.SettingsFactory] - Generate SQL with comments: disabled
[04:18:38] INFO [org.hibernate.cfg.SettingsFactory] - Order SQL updates by primary key: disabled
[04:18:38] INFO [org.hibernate.cfg.SettingsFactory] - Order SQL inserts for batching: disabled
[04:18:38] INFO [org.hibernate.cfg.SettingsFactory] - Query translator: org.hibernate.hql.ast.ASTQueryTranslatorFactory
[04:18:38] INFO [org.hibernate.hql.ast.ASTQueryTranslatorFactory] - Using ASTQueryTranslatorFactory
[04:18:38] INFO [org.hibernate.cfg.SettingsFactory] - Query language substitutions: {}
[04:18:38] INFO [org.hibernate.cfg.SettingsFactory] - JPA-QL strict compliance: disabled
[04:18:38] INFO [org.hibernate.cfg.SettingsFactory] - Second-level cache: enabled
[04:18:38] INFO [org.hibernate.cfg.SettingsFactory] - Query cache: disabled
[04:18:38] INFO [org.hibernate.cfg.SettingsFactory] - Cache region factory : org.hibernate.cache.impl.NoCachingRegionFactory
[04:18:38] INFO [org.hibernate.cfg.SettingsFactory] - Optimize cache for minimal puts: disabled
[04:18:38] INFO [org.hibernate.cfg.SettingsFactory] - Structured second-level cache entries: disabled
[04:18:38] INFO [org.hibernate.cfg.SettingsFactory] - Echoing all SQL to stdout
[04:18:38] INFO [org.hibernate.cfg.SettingsFactory] - Statistics: disabled
[04:18:38] INFO [org.hibernate.cfg.SettingsFactory] - Deleted entity synthetic identifier rollback: disabled
[04:18:38] INFO [org.hibernate.cfg.SettingsFactory] - Default entity-mode: pojo
[04:18:38] INFO [org.hibernate.cfg.SettingsFactory] - Named query checking : enabled
[04:18:38] INFO [org.hibernate.cfg.SettingsFactory] - Check Nullability in Core (should be disabled when Bean Validation is on): enabled
[04:18:38] INFO [org.hibernate.impl.SessionFactoryImpl] - building session factory
[04:18:38] INFO [org.hibernate.impl.SessionFactoryObjectFactory] - Not binding factory to JNDI, no JNDI name configured
[04:18:38] INFO [org.hibernate.tool.hbm2ddl.SchemaExport] - Running hbm2ddl schema export
[04:18:38] INFO [org.hibernate.tool.hbm2ddl.SchemaExport] - exporting generated schema to database
[04:18:38] INFO [org.hibernate.tool.hbm2ddl.SchemaExport] - schema export complete
[04:18:39] INFO [org.apache.cxf.endpoint.ServerImpl] - Setting the server's publish address to be null
[04:18:39] INFO [org.springframework.beans.factory.xml.XmlBeanDefinitionReader] - Loading XML bean definitions from class path resource [org/springframework/jdbc/support/sql-error-codes.xml]
[04:18:39] INFO [org.springframework.jdbc.support.SQLErrorCodesFactory] - SQLErrorCodes loaded: [DB2, Derby, H2, HSQL, Informix, MS-SQL, MySQL, Oracle, PostgreSQL, Sybase]
[04:18:39] INFO [org.springframework.orm.hibernate3.HibernateTransactionManager] - Using DataSource [org.apache.commons.dbcp.BasicDataSource@5dcdfc98] of Hibernate SessionFactory for HibernateTransactionManager
[04:18:39] INFO [org.springframework.web.context.ContextLoader] - Root WebApplicationContext: initialization completed in 2471 ms
[04:18:39] INFO [org.apache.cxf.transport.servlet.AbstractCXFServlet] - Load the bus with application context
[04:18:39] INFO [org.apache.cxf.bus.spring.BusApplicationContext] - Refreshing org.apache.cxf.bus.spring.BusApplicationContext@5355a3a: startup date [Wed Jul 15 04:18:39 ART 2015]; parent: Root WebApplicationContext
[04:18:39] INFO [org.springframework.beans.factory.support.DefaultListableBeanFactory] - Pre-instantiating singletons in org.springframework.beans.factory.support.DefaultListableBeanFactory@19a60cac: defining beans []; parent: org.springframework.beans.factory.support.DefaultListableBeanFactory@4850a838
[04:18:39] INFO [org.apache.cxf.transport.servlet.AbstractCXFServlet] - Servlet transport factory already registered 
[04:19:01] INFO [org.apache.cxf.interceptor.LoggingInInterceptor] - Inbound Message
----------------------------
ID: 1
Address: http://localhost:8080/desapp-groupa-backend/rest/patients/create
Http-Method: OPTIONS
Content-Type: 
Headers: {Accept=[*/*], accept-encoding=[gzip, deflate, sdch], Accept-Language=[en-US,en;q=0.8], Access-Control-Request-Headers=[accept, content-type], Access-Control-Request-Method=[POST], connection=[keep-alive], Content-Type=[null], Host=[localhost:8080], Origin=[http://evil.com/], Referer=[http://localhost:9000/], User-Agent=[Mozilla/5.0 (X11; Linux x86_64) AppleWebKit/537.36 (KHTML, like Gecko) Ubuntu Chromium/41.0.2272.76 Chrome/41.0.2272.76 Safari/537.36]}
--------------------------------------
[04:19:01] INFO [org.apache.cxf.interceptor.LoggingOutInterceptor] - Outbound Message
---------------------------
ID: 1
Response-Code: 200
Content-Type: text/xml
Headers: {Allow=[POST, GET, PUT, OPTIONS, HEAD], Date=[Wed, 15 Jul 2015 07:19:01 GMT]}
--------------------------------------
[04:19:01] INFO [org.apache.cxf.interceptor.LoggingInInterceptor] - Inbound Message
----------------------------
ID: 2
Address: http://localhost:8080/desapp-groupa-backend/rest/patients/create
Encoding: UTF-8
Http-Method: POST
Content-Type: application/json;charset=UTF-8
Headers: {Accept=[application/json, text/plain, */*], accept-encoding=[gzip, deflate], Accept-Language=[en-US,en;q=0.8], connection=[keep-alive], Content-Length=[89], content-type=[application/json;charset=UTF-8], Host=[localhost:8080], Origin=[http://evil.com/], Referer=[http://localhost:9000/], User-Agent=[Mozilla/5.0 (X11; Linux x86_64) AppleWebKit/537.36 (KHTML, like Gecko) Ubuntu Chromium/41.0.2272.76 Chrome/41.0.2272.76 Safari/537.36]}
Payload: {"name":"11","surname":"1111","height":11,"weight":11,"dni":1111111,"password":"1111111"}
--------------------------------------
[04:19:01] INFO [org.apache.cxf.interceptor.LoggingOutInterceptor] - Outbound Message
---------------------------
ID: 2
Response-Code: 200
Content-Type: application/json
Headers: {Date=[Wed, 15 Jul 2015 07:19:01 GMT]}
Payload: {"height":11.0,"medicalRecord":{"diseases":[],"consultations":[],"allergies":[],"id":8},"weight":11.0,"name":"11","password":"1111111","surname":"1111","dni":1111111,"id":8}
--------------------------------------
[04:19:01] INFO [org.apache.cxf.interceptor.LoggingInInterceptor] - Inbound Message
----------------------------
ID: 3
Address: http://localhost:8080/desapp-groupa-backend/rest/patients/list
Http-Method: GET
Content-Type: 
Headers: {Accept=[application/json, text/plain, */*], accept-encoding=[gzip, deflate, sdch], Accept-Language=[en-US,en;q=0.8], connection=[keep-alive], Content-Type=[null], Host=[localhost:8080], Origin=[http://evil.com/], Referer=[http://localhost:9000/], User-Agent=[Mozilla/5.0 (X11; Linux x86_64) AppleWebKit/537.36 (KHTML, like Gecko) Ubuntu Chromium/41.0.2272.76 Chrome/41.0.2272.76 Safari/537.36]}
--------------------------------------
[04:19:01] INFO [org.apache.cxf.interceptor.LoggingOutInterceptor] - Outbound Message
---------------------------
ID: 3
Response-Code: 200
Content-Type: application/json
Headers: {Date=[Wed, 15 Jul 2015 07:19:01 GMT]}
Payload: [{"height":1.7,"medicalRecord":{"diseases":[],"consultations":[],"allergies":[],"id":1},"weight":80.0,"name":"Cacho","password":"cafelahumeda","surname":"Castaña","dni":1111111,"id":1},{"height":1.67,"medicalRecord":{"diseases":[],"consultations":[],"allergies":[],"id":2},"weight":56.7,"name":"Ramona","password":"753214896","surname":"Gutierrez","dni":2222222,"id":2},{"height":1.82,"medicalRecord":{"diseases":[],"consultations":[],"allergies":[],"id":3},"weight":84.5,"name":"Santiago","password":"951478632","surname":"Ramirez","dni":3333333,"id":3},{"height":1.62,"medicalRecord":{"diseases":[],"consultations":[],"allergies":[],"id":4},"weight":48.0,"name":"Brenda","password":"321987654","surname":"Gomez","dni":444444,"id":4},{"height":1.8,"medicalRecord":{"diseases":[],"consultations":[],"allergies":[],"id":5},"weight":79.0,"name":"Hernan","password":"987321654","surname":"Garcia","dni":5555555,"id":5},{"height":1.6,"medicalRecord":{"diseases":[],"consultations":[],"allergies":[],"id":6},"weight":60.0,"name":"Paula","password":"987654321","surname":"Torrez","dni":6666666,"id":6},{"height":1.9,"medicalRecord":{"diseases":[],"consultations":[],"allergies":[],"id":7},"weight":98.0,"name":"Pablo","password":"123456789","surname":"Garcia","dni":7777777,"id":7},{"height":11.0,"medicalRecord":{"diseases":[],"consultations":[],"allergies":[],"id":8},"weight":11.0,"name":"11","password":"1111111","surname":"1111","dni":1111111,"id":8}]
--------------------------------------
